codigos/mobile/blue_connection/build/app/intermediates/manifest_merge_blame_file/debug/manifest-merger-blame-debug-report.txt
1<?xml version="1.0" encoding="utf-8"?>
2<manifest xmlns:android="http://schemas.android.com/apk/res/android"
3    package="com.example.blue_connection"
4    android:versionCode="1"
5    android:versionName="1.0.0" >
6
7    <uses-sdk
8        android:minSdkVersion="19"
9        android:targetSdkVersion="33" />
10    <!--
11          The INTERNET permission is required for development. Specifically,
12         the Flutter tool needs it to communicate with the running application
13         to allow setting breakpoints, to provide hot reload, etc.
14    -->
15    <uses-permission android:name="android.permission.INTERNET" />
15-->src\debug\AndroidManifest.xml:8:6-68
15-->src\debug\AndroidManifest.xml:8:23-65
16    <uses-permission
16-->src\debug\AndroidManifest.xml:9:6-10:34
17        android:name="android.permission.BLUETOOTH"
17-->src\debug\AndroidManifest.xml:9:23-66
18        android:maxSdkVersion="30" />
18-->src\debug\AndroidManifest.xml:9:67-93
19    <uses-permission
19-->src\debug\AndroidManifest.xml:9:6-10:34
20        android:name="android.permission.BLUETOOTH"
20-->src\debug\AndroidManifest.xml:9:23-66
21        android:maxSdkVersion="30" />
21-->src\debug\AndroidManifest.xml:9:67-93
22    <uses-permission
22-->src\debug\AndroidManifest.xml:13:6-14:40
23        android:name="android.permission.BLUETOOTH_ADMIN"
23-->src\debug\AndroidManifest.xml:13:23-72
24        android:maxSdkVersion="30" />
24-->src\debug\AndroidManifest.xml:14:11-37
25    <uses-permission android:name="android.permission.BLUETOOTH_SCAN" />
25-->src\debug\AndroidManifest.xml:15:6-74
25-->src\debug\AndroidManifest.xml:15:23-71
26    <uses-permission android:name="android.permission.BLUETOOTH_CONNECT" />
26-->src\debug\AndroidManifest.xml:16:6-77
26-->src\debug\AndroidManifest.xml:16:23-74
27    <uses-permission android:name="android.permission.ACCESS_FINE_LOCATION" />
27-->src\debug\AndroidManifest.xml:17:6-80
27-->src\debug\AndroidManifest.xml:17:23-77
28    <uses-permission android:name="android.permission.ACCESS_COARSE_LOCATION" />
28-->src\debug\AndroidManifest.xml:18:6-82
28-->src\debug\AndroidManifest.xml:18:23-79
29    <uses-permission android:name="android.permission.RECORD_AUDIO" />
29-->[:flutter_speech] AndroidManifest.xml:9:5-71
29-->[:flutter_speech] AndroidManifest.xml:9:22-68
30
31    <queries>
31-->[:flutter_speech] AndroidManifest.xml:11:5-15:15
32        <intent>
32-->[:flutter_speech] AndroidManifest.xml:12:9-14:18
33            <action android:name="android.speech.RecognitionService" />
33-->[:flutter_speech] AndroidManifest.xml:13:13-72
33-->[:flutter_speech] AndroidManifest.xml:13:21-69
34        </intent>
35    </queries>
36
37    <application
38        android:name="android.app.Application"
39        android:appComponentFactory="androidx.core.app.CoreComponentFactory"
39-->[androidx.core:core:1.6.0] AndroidManifest.xml:24:18-86
40        android:debuggable="true"
41        android:icon="@mipmap/ic_launcher"
42        android:label="blue_connection" >
43        <activity
44            android:name="com.example.blue_connection.MainActivity"
45            android:configChanges="orientation|keyboardHidden|keyboard|screenSize|smallestScreenSize|locale|layoutDirection|fontScale|screenLayout|density|uiMode"
46            android:exported="true"
47            android:hardwareAccelerated="true"
48            android:launchMode="singleTop"
49            android:theme="@style/LaunchTheme"
50            android:windowSoftInputMode="adjustResize" >
51
52            <!--
53                 Specifies an Android theme to apply to this Activity as soon as
54                 the Android process has started. This theme is visible to the user
55                 while the Flutter UI initializes. After that, this theme continues
56                 to determine the Window background behind the Flutter UI.
57            -->
58            <meta-data
59                android:name="io.flutter.embedding.android.NormalTheme"
60                android:resource="@style/NormalTheme" />
61
62            <intent-filter>
63                <action android:name="android.intent.action.MAIN" />
64
65                <category android:name="android.intent.category.LAUNCHER" />
66            </intent-filter>
67        </activity>
68        <!--
69             Don't delete the meta-data below.
70             This is used by the Flutter tool to generate GeneratedPluginRegistrant.java
71        -->
72        <meta-data
73            android:name="flutterEmbedding"
74            android:value="2" />
75
76        <uses-library
76-->[androidx.window:window:1.0.0-beta04] AndroidManifest.xml:25:9-27:40
77            android:name="androidx.window.extensions"
77-->[androidx.window:window:1.0.0-beta04] AndroidManifest.xml:26:13-54
78            android:required="false" />
78-->[androidx.window:window:1.0.0-beta04] AndroidManifest.xml:27:13-37
79        <uses-library
79-->[androidx.window:window:1.0.0-beta04] AndroidManifest.xml:28:9-30:40
80            android:name="androidx.window.sidecar"
80-->[androidx.window:window:1.0.0-beta04] AndroidManifest.xml:29:13-51
81            android:required="false" />
81-->[androidx.window:window:1.0.0-beta04] AndroidManifest.xml:30:13-37
82    </application>
83
84</manifest>